<?xml version="1.0" encoding="UTF-8"?>
<testng-results ignored="1" total="6" passed="5" failed="0" skipped="0">
  <reporter-output>
  </reporter-output>
  <suite started-at="2021-06-25T12:45:43 IST" name="Loan Department" finished-at="2021-06-25T12:45:43 IST" duration-ms="115">
    <groups>
    </groups>
    <test started-at="2021-06-25T12:45:43 IST" name="Personal Loan" finished-at="2021-06-25T12:45:43 IST" duration-ms="48">
      <class name="TestNG.Day2">
        <test-method signature="Demo3()[pri:0, instance:TestNG.Day2@5db45159]" started-at="2021-06-25T12:45:43 IST" name="Demo3" finished-at="2021-06-25T12:45:43 IST" duration-ms="1" status="PASS">
          <reporter-output>
          </reporter-output>
        </test-method> <!-- Demo3 -->
      </class> <!-- TestNG.Day2 -->
      <class name="TestNG.Day1">
        <test-method signature="Demo()[pri:0, instance:TestNG.Day1@78b1cc93]" started-at="2021-06-25T12:45:43 IST" name="Demo" finished-at="2021-06-25T12:45:43 IST" duration-ms="8" status="PASS">
          <reporter-output>
          </reporter-output>
        </test-method> <!-- Demo -->
        <test-method signature="demo2()[pri:0, instance:TestNG.Day1@78b1cc93]" started-at="2021-06-25T12:45:43 IST" name="demo2" finished-at="2021-06-25T12:45:43 IST" duration-ms="1" status="PASS">
          <reporter-output>
          </reporter-output>
        </test-method> <!-- demo2 -->
      </class> <!-- TestNG.Day1 -->
    </test> <!-- Personal Loan -->
    <test started-at="2021-06-25T12:45:43 IST" name="Car Loan" finished-at="2021-06-25T12:45:43 IST" duration-ms="5">
      <class name="TestNG.Day3">
        <test-method signature="apilogin()[pri:0, instance:TestNG.Day3@7b227d8d]" started-at="2021-06-25T12:45:43 IST" name="apilogin" finished-at="2021-06-25T12:45:43 IST" duration-ms="0" status="PASS">
          <reporter-output>
          </reporter-output>
        </test-method> <!-- apilogin -->
        <test-method signature="weblogin()[pri:0, instance:TestNG.Day3@7b227d8d]" started-at="2021-06-25T12:45:43 IST" name="weblogin" finished-at="2021-06-25T12:45:43 IST" duration-ms="1" status="PASS">
          <reporter-output>
          </reporter-output>
        </test-method> <!-- weblogin -->
      </class> <!-- TestNG.Day3 -->
    </test> <!-- Car Loan -->
  </suite> <!-- Loan Department -->
</testng-results>
