<?xml version="1.0" encoding="UTF-8"?>
<!-- Generated by org.testng.reporters.JUnitXMLReporter -->
<testsuite ignored="3" hostname="Satkars-MBP" failures="0" tests="0" time="0.0" errors="0" timestamp="2021-06-25T15:46:40 IST">
  <testcase classname="TestNG.Day4" name="weblogout" time="0.0">
    <ignored/>
  </testcase> <!-- weblogout -->
  <testcase classname="TestNG.Day4" name="mobileapi" time="0.0">
    <ignored/>
  </testcase> <!-- mobileapi -->
  <testcase classname="TestNG.Day4" name="mobilelogin" time="0.0">
    <ignored/>
  </testcase> <!-- mobilelogin -->
</testsuite>
