<?xml version="1.0" encoding="UTF-8"?>
<!-- Generated by org.testng.reporters.JUnitXMLReporter -->
<testsuite ignored="1" hostname="Satkars-MBP" failures="0" tests="2" name="Mortgage Loan" time="0.005" errors="0" timestamp="2021-06-25T15:46:40 IST">
  <testcase classname="TestNG.Day4" name="mobileapi" time="0.001"/>
  <testcase classname="TestNG.Day4" name="mobilelogin" time="0.001"/>
  <testcase classname="TestNG.Day4" name="weblogout" time="0.0">
    <ignored/>
  </testcase> <!-- weblogout -->
</testsuite> <!-- Mortgage Loan -->
